<?xml version="1.0" encoding="UTF-8"?>
<testsuite xmlns:xsi="http://www.w3.org/2001/XMLSchema-instance" xsi:noNamespaceSchemaLocation="https://maven.apache.org/surefire/maven-surefire-plugin/xsd/surefire-test-report.xsd" name="com.cadebe.petclinic.service.OwnerSDJpaServiceTest" time="0.482" tests="8" errors="0" skipped="0" failures="0">
  <properties>
[...]
</properties>
  <testcase name="delete" classname="com.cadebe.petclinic.service.OwnerSDJpaServiceTest" time="0.408"/>
  <testcase name="saveWithoutId" classname="com.cadebe.petclinic.service.OwnerSDJpaServiceTest" time="0.043"/>
  <testcase name="findAll" classname="com.cadebe.petclinic.service.OwnerSDJpaServiceTest" time="0.006"/>
  <testcase name="findById" classname="com.cadebe.petclinic.service.OwnerSDJpaServiceTest" time="0.009"/>
  <testcase name="save" classname="com.cadebe.petclinic.service.OwnerSDJpaServiceTest" time="0.001"/>
  <testcase name="findByLastName" classname="com.cadebe.petclinic.service.OwnerSDJpaServiceTest" time="0.004"/>
  <testcase name="findByIdNotFound" classname="com.cadebe.petclinic.service.OwnerSDJpaServiceTest" time="0.003"/>
  <testcase name="deleteById" classname="com.cadebe.petclinic.service.OwnerSDJpaServiceTest" time="0.002"/>
</testsuite>